This file contains any messages produced by compilers while
running configure, to aid debugging if configure makes a mistake.

It was created by kolumnz configure 0.1, which was
generated by GNU Autoconf 2.68.  Invocation command line was

  $ /home/wil/projects/Kolumnz/gtk/configure --enable-maintainer-mode --enable-maintainer-mode

## --------- ##
## Platform. ##
## --------- ##

hostname = williambell
uname -m = x86_64
uname -r = 3.2.0-29-generic
uname -s = Linux
uname -v = #46-Ubuntu SMP Fri Jul 27 17:03:23 UTC 2012

/usr/bin/uname -p = unknown
/bin/uname -X     = unknown

/bin/arch              = unknown
/usr/bin/arch -k       = unknown
/usr/convex/getsysinfo = unknown
/usr/bin/hostinfo      = unknown
/bin/machine           = unknown
/usr/bin/oslevel       = unknown
/bin/universe          = unknown

PATH: /usr/lib/lightdm/lightdm
PATH: /usr/local/sbin
PATH: /usr/local/bin
PATH: /usr/sbin
PATH: /usr/bin
PATH: /sbin
PATH: /bin
PATH: /usr/games


## ----------- ##
## Core tests. ##
## ----------- ##

configure:2292: checking for a BSD-compatible install
configure:2360: result: /usr/bin/install -c
configure:2371: checking whether build environment is sane
configure:2421: result: yes
configure:2562: checking for a thread-safe mkdir -p
configure:2601: result: /bin/mkdir -p
configure:2614: checking for gawk
configure:2630: found /usr/bin/gawk
configure:2641: result: gawk
configure:2652: checking whether make sets $(MAKE)
configure:2674: result: yes
configure:2757: checking whether to enable maintainer-specific portions of Makefiles
configure:2766: result: yes
configure:2792: checking for style of include used by make
configure:2820: result: GNU
configure:2891: checking for gcc
configure:2907: found /usr/bin/gcc
configure:2918: result: gcc
configure:3147: checking for C compiler version
configure:3156: gcc --version >&5
gcc (Ubuntu/Linaro 4.6.3-1ubuntu5) 4.6.3
Copyright (C) 2011 Free Software Foundation, Inc.
This is free software; see the source for copying conditions.  There is NO
warranty; not even for MERCHANTABILITY or FITNESS FOR A PARTICULAR PURPOSE.

configure:3167: $? = 0
configure:3156: gcc -v >&5
Using built-in specs.
COLLECT_GCC=gcc
COLLECT_LTO_WRAPPER=/usr/lib/gcc/x86_64-linux-gnu/4.6/lto-wrapper
Target: x86_64-linux-gnu
Configured with: ../src/configure -v --with-pkgversion='Ubuntu/Linaro 4.6.3-1ubuntu5' --with-bugurl=file:///usr/share/doc/gcc-4.6/README.Bugs --enable-languages=c,c++,fortran,objc,obj-c++ --prefix=/usr --program-suffix=-4.6 --enable-shared --enable-linker-build-id --with-system-zlib --libexecdir=/usr/lib --without-included-gettext --enable-threads=posix --with-gxx-include-dir=/usr/include/c++/4.6 --libdir=/usr/lib --enable-nls --with-sysroot=/ --enable-clocale=gnu --enable-libstdcxx-debug --enable-libstdcxx-time=yes --enable-gnu-unique-object --enable-plugin --enable-objc-gc --disable-werror --with-arch-32=i686 --with-tune=generic --enable-checking=release --build=x86_64-linux-gnu --host=x86_64-linux-gnu --target=x86_64-linux-gnu
Thread model: posix
gcc version 4.6.3 (Ubuntu/Linaro 4.6.3-1ubuntu5) 
configure:3167: $? = 0
configure:3156: gcc -V >&5
gcc: error: unrecognized option '-V'
gcc: fatal error: no input files
compilation terminated.
configure:3167: $? = 4
configure:3156: gcc -qversion >&5
gcc: error: unrecognized option '-qversion'
gcc: fatal error: no input files
compilation terminated.
configure:3167: $? = 4
configure:3187: checking whether the C compiler works
configure:3209: gcc    conftest.c  >&5
configure:3213: $? = 0
configure:3261: result: yes
configure:3264: checking for C compiler default output file name
configure:3266: result: a.out
configure:3272: checking for suffix of executables
configure:3279: gcc -o conftest    conftest.c  >&5
configure:3283: $? = 0
configure:3305: result: 
configure:3327: checking whether we are cross compiling
configure:3335: gcc -o conftest    conftest.c  >&5
configure:3339: $? = 0
configure:3346: ./conftest
configure:3350: $? = 0
configure:3365: result: no
configure:3370: checking for suffix of object files
configure:3392: gcc -c   conftest.c >&5
configure:3396: $? = 0
configure:3417: result: o
configure:3421: checking whether we are using the GNU C compiler
configure:3440: gcc -c   conftest.c >&5
configure:3440: $? = 0
configure:3449: result: yes
configure:3458: checking whether gcc accepts -g
configure:3478: gcc -c -g  conftest.c >&5
configure:3478: $? = 0
configure:3519: result: yes
configure:3536: checking for gcc option to accept ISO C89
configure:3600: gcc  -c -g -O2  conftest.c >&5
configure:3600: $? = 0
configure:3613: result: none needed
configure:3635: checking dependency style of gcc
configure:3746: result: gcc3
configure:3762: checking for library containing strerror
configure:3793: gcc -o conftest -g -O2   conftest.c  >&5
configure:3793: $? = 0
configure:3810: result: none required
configure:3866: checking for gcc
configure:3893: result: gcc
configure:4122: checking for C compiler version
configure:4131: gcc --version >&5
gcc (Ubuntu/Linaro 4.6.3-1ubuntu5) 4.6.3
Copyright (C) 2011 Free Software Foundation, Inc.
This is free software; see the source for copying conditions.  There is NO
warranty; not even for MERCHANTABILITY or FITNESS FOR A PARTICULAR PURPOSE.

configure:4142: $? = 0
configure:4131: gcc -v >&5
Using built-in specs.
COLLECT_GCC=gcc
COLLECT_LTO_WRAPPER=/usr/lib/gcc/x86_64-linux-gnu/4.6/lto-wrapper
Target: x86_64-linux-gnu
Configured with: ../src/configure -v --with-pkgversion='Ubuntu/Linaro 4.6.3-1ubuntu5' --with-bugurl=file:///usr/share/doc/gcc-4.6/README.Bugs --enable-languages=c,c++,fortran,objc,obj-c++ --prefix=/usr --program-suffix=-4.6 --enable-shared --enable-linker-build-id --with-system-zlib --libexecdir=/usr/lib --without-included-gettext --enable-threads=posix --with-gxx-include-dir=/usr/include/c++/4.6 --libdir=/usr/lib --enable-nls --with-sysroot=/ --enable-clocale=gnu --enable-libstdcxx-debug --enable-libstdcxx-time=yes --enable-gnu-unique-object --enable-plugin --enable-objc-gc --disable-werror --with-arch-32=i686 --with-tune=generic --enable-checking=release --build=x86_64-linux-gnu --host=x86_64-linux-gnu --target=x86_64-linux-gnu
Thread model: posix
gcc version 4.6.3 (Ubuntu/Linaro 4.6.3-1ubuntu5) 
configure:4142: $? = 0
configure:4131: gcc -V >&5
gcc: error: unrecognized option '-V'
gcc: fatal error: no input files
compilation terminated.
configure:4142: $? = 4
configure:4131: gcc -qversion >&5
gcc: error: unrecognized option '-qversion'
gcc: fatal error: no input files
compilation terminated.
configure:4142: $? = 4
configure:4146: checking whether we are using the GNU C compiler
configure:4174: result: yes
configure:4183: checking whether gcc accepts -g
configure:4244: result: yes
configure:4261: checking for gcc option to accept ISO C89
configure:4338: result: none needed
configure:4360: checking dependency style of gcc
configure:4471: result: gcc3
configure:4534: checking for gcc
configure:4561: result: gcc
configure:4790: checking for C compiler version
configure:4799: gcc --version >&5
gcc (Ubuntu/Linaro 4.6.3-1ubuntu5) 4.6.3
Copyright (C) 2011 Free Software Foundation, Inc.
This is free software; see the source for copying conditions.  There is NO
warranty; not even for MERCHANTABILITY or FITNESS FOR A PARTICULAR PURPOSE.

configure:4810: $? = 0
configure:4799: gcc -v >&5
Using built-in specs.
COLLECT_GCC=gcc
COLLECT_LTO_WRAPPER=/usr/lib/gcc/x86_64-linux-gnu/4.6/lto-wrapper
Target: x86_64-linux-gnu
Configured with: ../src/configure -v --with-pkgversion='Ubuntu/Linaro 4.6.3-1ubuntu5' --with-bugurl=file:///usr/share/doc/gcc-4.6/README.Bugs --enable-languages=c,c++,fortran,objc,obj-c++ --prefix=/usr --program-suffix=-4.6 --enable-shared --enable-linker-build-id --with-system-zlib --libexecdir=/usr/lib --without-included-gettext --enable-threads=posix --with-gxx-include-dir=/usr/include/c++/4.6 --libdir=/usr/lib --enable-nls --with-sysroot=/ --enable-clocale=gnu --enable-libstdcxx-debug --enable-libstdcxx-time=yes --enable-gnu-unique-object --enable-plugin --enable-objc-gc --disable-werror --with-arch-32=i686 --with-tune=generic --enable-checking=release --build=x86_64-linux-gnu --host=x86_64-linux-gnu --target=x86_64-linux-gnu
Thread model: posix
gcc version 4.6.3 (Ubuntu/Linaro 4.6.3-1ubuntu5) 
configure:4810: $? = 0
configure:4799: gcc -V >&5
gcc: error: unrecognized option '-V'
gcc: fatal error: no input files
compilation terminated.
configure:4810: $? = 4
configure:4799: gcc -qversion >&5
gcc: error: unrecognized option '-qversion'
gcc: fatal error: no input files
compilation terminated.
configure:4810: $? = 4
configure:4814: checking whether we are using the GNU C compiler
configure:4842: result: yes
configure:4851: checking whether gcc accepts -g
configure:4912: result: yes
configure:4929: checking for gcc option to accept ISO C89
configure:5006: result: none needed
configure:5028: checking dependency style of gcc
configure:5139: result: gcc3
configure:5162: checking how to run the C preprocessor
configure:5193: gcc -E  conftest.c
configure:5193: $? = 0
configure:5207: gcc -E  conftest.c
conftest.c:11:28: fatal error: ac_nonexistent.h: No such file or directory
compilation terminated.
configure:5207: $? = 1
configure: failed program was:
| /* confdefs.h */
| #define PACKAGE_NAME "kolumnz"
| #define PACKAGE_TARNAME "kolumnz"
| #define PACKAGE_VERSION "0.1"
| #define PACKAGE_STRING "kolumnz 0.1"
| #define PACKAGE_BUGREPORT ""
| #define PACKAGE_URL ""
| #define PACKAGE "kolumnz"
| #define VERSION "0.1"
| /* end confdefs.h.  */
| #include <ac_nonexistent.h>
configure:5232: result: gcc -E
configure:5252: gcc -E  conftest.c
configure:5252: $? = 0
configure:5266: gcc -E  conftest.c
conftest.c:11:28: fatal error: ac_nonexistent.h: No such file or directory
compilation terminated.
configure:5266: $? = 1
configure: failed program was:
| /* confdefs.h */
| #define PACKAGE_NAME "kolumnz"
| #define PACKAGE_TARNAME "kolumnz"
| #define PACKAGE_VERSION "0.1"
| #define PACKAGE_STRING "kolumnz 0.1"
| #define PACKAGE_BUGREPORT ""
| #define PACKAGE_URL ""
| #define PACKAGE "kolumnz"
| #define VERSION "0.1"
| /* end confdefs.h.  */
| #include <ac_nonexistent.h>
configure:5295: checking for grep that handles long lines and -e
configure:5353: result: /bin/grep
configure:5358: checking for egrep
configure:5420: result: /bin/grep -E
configure:5425: checking for ANSI C header files
configure:5445: gcc -c -g -O2  conftest.c >&5
configure:5445: $? = 0
configure:5518: gcc -o conftest -g -O2   conftest.c  >&5
configure:5518: $? = 0
configure:5518: ./conftest
configure:5518: $? = 0
configure:5529: result: yes
configure:5553: checking for sys/types.h
configure:5553: gcc -c -g -O2  conftest.c >&5
configure:5553: $? = 0
configure:5553: result: yes
configure:5553: checking for sys/stat.h
configure:5553: gcc -c -g -O2  conftest.c >&5
configure:5553: $? = 0
configure:5553: result: yes
configure:5553: checking for stdlib.h
configure:5553: gcc -c -g -O2  conftest.c >&5
configure:5553: $? = 0
configure:5553: result: yes
configure:5553: checking for string.h
configure:5553: gcc -c -g -O2  conftest.c >&5
configure:5553: $? = 0
configure:5553: result: yes
configure:5553: checking for memory.h
configure:5553: gcc -c -g -O2  conftest.c >&5
configure:5553: $? = 0
configure:5553: result: yes
configure:5553: checking for strings.h
configure:5553: gcc -c -g -O2  conftest.c >&5
configure:5553: $? = 0
configure:5553: result: yes
configure:5553: checking for inttypes.h
configure:5553: gcc -c -g -O2  conftest.c >&5
configure:5553: $? = 0
configure:5553: result: yes
configure:5553: checking for stdint.h
configure:5553: gcc -c -g -O2  conftest.c >&5
configure:5553: $? = 0
configure:5553: result: yes
configure:5553: checking for unistd.h
configure:5553: gcc -c -g -O2  conftest.c >&5
configure:5553: $? = 0
configure:5553: result: yes
configure:5568: checking locale.h usability
configure:5568: gcc -c -g -O2  conftest.c >&5
configure:5568: $? = 0
configure:5568: result: yes
configure:5568: checking locale.h presence
configure:5568: gcc -E  conftest.c
configure:5568: $? = 0
configure:5568: result: yes
configure:5568: checking for locale.h
configure:5568: result: yes
configure:5579: checking for LC_MESSAGES
configure:5595: gcc -o conftest -g -O2   conftest.c  >&5
configure:5595: $? = 0
configure:5603: result: yes
configure:5620: checking libintl.h usability
configure:5620: gcc -c -g -O2  conftest.c >&5
configure:5620: $? = 0
configure:5620: result: yes
configure:5620: checking libintl.h presence
configure:5620: gcc -E  conftest.c
configure:5620: $? = 0
configure:5620: result: yes
configure:5620: checking for libintl.h
configure:5620: result: yes
configure:5628: checking for ngettext in libc
configure:5646: gcc -o conftest -g -O2   conftest.c  >&5
configure:5646: $? = 0
configure:5655: result: yes
configure:5659: checking for dgettext in libc
configure:5677: gcc -o conftest -g -O2   conftest.c  >&5
configure:5677: $? = 0
configure:5686: result: yes
configure:5693: checking for bind_textdomain_codeset
configure:5693: gcc -o conftest -g -O2   conftest.c  >&5
configure:5693: $? = 0
configure:5693: result: yes
configure:5969: checking for msgfmt
configure:5996: result: /usr/bin/msgfmt
configure:6007: checking for dcgettext
configure:6007: gcc -o conftest -g -O2   conftest.c   >&5
conftest.c:49:6: warning: conflicting types for built-in function 'dcgettext' [enabled by default]
configure:6007: $? = 0
configure:6007: result: yes
configure:6017: checking if msgfmt accepts -c
configure:6032: $MSGFMT -c -o /dev/null conftest.foo
configure:6035: $? = 0
configure:6037: result: yes
configure:6047: checking for gmsgfmt
configure:6078: result: /usr/bin/msgfmt
configure:6088: checking for xgettext
configure:6115: result: /usr/bin/xgettext
configure:6134: gcc -o conftest -g -O2   conftest.c   >&5
configure:6134: $? = 0
configure:6274: checking whether NLS is requested
configure:6283: result: yes
configure:6301: checking for intltool >= 0.35.0
configure:6303: result: 0.50.2 found
configure:6311: checking for intltool-update
configure:6329: found /usr/bin/intltool-update
configure:6341: result: /usr/bin/intltool-update
configure:6351: checking for intltool-merge
configure:6369: found /usr/bin/intltool-merge
configure:6381: result: /usr/bin/intltool-merge
configure:6391: checking for intltool-extract
configure:6409: found /usr/bin/intltool-extract
configure:6421: result: /usr/bin/intltool-extract
configure:6575: checking for xgettext
configure:6605: result: /usr/bin/xgettext
configure:6615: checking for msgmerge
configure:6633: found /usr/bin/msgmerge
configure:6645: result: /usr/bin/msgmerge
configure:6655: checking for msgfmt
configure:6685: result: /usr/bin/msgfmt
configure:6695: checking for gmsgfmt
configure:6726: result: /usr/bin/msgfmt
configure:6746: checking for perl
configure:6764: found /usr/bin/perl
configure:6776: result: /usr/bin/perl
configure:6787: checking for perl >= 5.8.1
configure:6794: result: 5.14.2
configure:6798: checking for XML::Parser
configure:6801: result: ok
configure:6884: checking build system type
configure:6898: result: x86_64-unknown-linux-gnu
configure:6918: checking host system type
configure:6931: result: x86_64-unknown-linux-gnu
configure:6972: checking how to print strings
configure:6999: result: printf
configure:7020: checking for a sed that does not truncate output
configure:7084: result: /bin/sed
configure:7102: checking for fgrep
configure:7164: result: /bin/grep -F
configure:7199: checking for ld used by gcc
configure:7266: result: /usr/bin/ld
configure:7273: checking if the linker (/usr/bin/ld) is GNU ld
configure:7288: result: yes
configure:7300: checking for BSD- or MS-compatible name lister (nm)
configure:7349: result: /usr/bin/nm -B
configure:7479: checking the name lister (/usr/bin/nm -B) interface
configure:7486: gcc -c -g -O2  conftest.c >&5
configure:7489: /usr/bin/nm -B "conftest.o"
configure:7492: output
0000000000000000 B some_variable
configure:7499: result: BSD nm
configure:7502: checking whether ln -s works
configure:7506: result: yes
configure:7514: checking the maximum length of command line arguments
configure:7644: result: 1572864
configure:7661: checking whether the shell understands some XSI constructs
configure:7671: result: yes
configure:7675: checking whether the shell understands "+="
configure:7681: result: yes
configure:7716: checking how to convert x86_64-unknown-linux-gnu file names to x86_64-unknown-linux-gnu format
configure:7756: result: func_convert_file_noop
configure:7763: checking how to convert x86_64-unknown-linux-gnu file names to toolchain format
configure:7783: result: func_convert_file_noop
configure:7790: checking for /usr/bin/ld option to reload object files
configure:7797: result: -r
configure:7871: checking for objdump
configure:7887: found /usr/bin/objdump
configure:7898: result: objdump
configure:7930: checking how to recognize dependent libraries
configure:8132: result: pass_all
configure:8217: checking for dlltool
configure:8247: result: no
configure:8277: checking how to associate runtime and link libraries
configure:8304: result: printf %s\n
configure:8364: checking for ar
configure:8380: found /usr/bin/ar
configure:8391: result: ar
configure:8428: checking for archiver @FILE support
configure:8445: gcc -c -g -O2  conftest.c >&5
configure:8445: $? = 0
configure:8448: ar cru libconftest.a @conftest.lst >&5
configure:8451: $? = 0
configure:8456: ar cru libconftest.a @conftest.lst >&5
ar: conftest.o: No such file or directory
configure:8459: $? = 1
configure:8471: result: @
configure:8529: checking for strip
configure:8545: found /usr/bin/strip
configure:8556: result: strip
configure:8628: checking for ranlib
configure:8644: found /usr/bin/ranlib
configure:8655: result: ranlib
configure:8757: checking command to parse /usr/bin/nm -B output from gcc object
configure:8877: gcc -c -g -O2  conftest.c >&5
configure:8880: $? = 0
configure:8884: /usr/bin/nm -B conftest.o \| sed -n -e 's/^.*[ ]\([ABCDGIRSTW][ABCDGIRSTW]*\)[ ][ ]*\([_A-Za-z][_A-Za-z0-9]*\)$/\1 \2 \2/p' | sed '/ __gnu_lto/d' \> conftest.nm
configure:8887: $? = 0
configure:8953: gcc -o conftest -g -O2   conftest.c conftstm.o >&5
configure:8956: $? = 0
configure:8994: result: ok
configure:9031: checking for sysroot
configure:9061: result: no
configure:9138: gcc -c -g -O2  conftest.c >&5
configure:9141: $? = 0
configure:9317: checking for mt
configure:9333: found /bin/mt
configure:9344: result: mt
configure:9367: checking if mt is a manifest tool
configure:9373: mt '-?'
configure:9381: result: no
configure:10020: checking for dlfcn.h
configure:10020: gcc -c -g -O2  conftest.c >&5
configure:10020: $? = 0
configure:10020: result: yes
configure:10226: checking for objdir
configure:10241: result: .libs
configure:10508: checking if gcc supports -fno-rtti -fno-exceptions
configure:10526: gcc -c -g -O2  -fno-rtti -fno-exceptions conftest.c >&5
cc1: warning: command line option '-fno-rtti' is valid for C++/ObjC++ but not for C [enabled by default]
configure:10530: $? = 0
configure:10543: result: no
configure:10870: checking for gcc option to produce PIC
configure:10877: result: -fPIC -DPIC
configure:10885: checking if gcc PIC flag -fPIC -DPIC works
configure:10903: gcc -c -g -O2  -fPIC -DPIC -DPIC conftest.c >&5
configure:10907: $? = 0
configure:10920: result: yes
configure:10949: checking if gcc static flag -static works
configure:10977: result: yes
configure:10992: checking if gcc supports -c -o file.o
configure:11013: gcc -c -g -O2  -o out/conftest2.o conftest.c >&5
configure:11017: $? = 0
configure:11039: result: yes
configure:11047: checking if gcc supports -c -o file.o
configure:11094: result: yes
configure:11127: checking whether the gcc linker (/usr/bin/ld -m elf_x86_64) supports shared libraries
configure:12284: result: yes
configure:12321: checking whether -lc should be explicitly linked in
configure:12329: gcc -c -g -O2  conftest.c >&5
configure:12332: $? = 0
configure:12347: gcc -shared  -fPIC -DPIC conftest.o  -v -Wl,-soname -Wl,conftest -o conftest 2\>\&1 \| /bin/grep  -lc  \>/dev/null 2\>\&1
configure:12350: $? = 0
configure:12364: result: no
configure:12524: checking dynamic linker characteristics
configure:13035: gcc -o conftest -g -O2   -Wl,-rpath -Wl,/foo conftest.c  >&5
configure:13035: $? = 0
configure:13269: result: GNU/Linux ld.so
configure:13376: checking how to hardcode library paths into programs
configure:13401: result: immediate
configure:13941: checking whether stripping libraries is possible
configure:13946: result: yes
configure:13981: checking if libtool supports shared libraries
configure:13983: result: yes
configure:13986: checking whether to build shared libraries
configure:14007: result: yes
configure:14010: checking whether to build static libraries
configure:14014: result: yes
configure:14108: checking for pkg-config
configure:14126: found /usr/bin/pkg-config
configure:14138: result: /usr/bin/pkg-config
configure:14163: checking pkg-config is at least version 0.9.0
configure:14166: result: yes
configure:14176: checking for KOLUMNZ
configure:14183: $PKG_CONFIG --exists --print-errors "gtk+-2.0 gdk-2.0   "
configure:14186: $? = 0
configure:14200: $PKG_CONFIG --exists --print-errors "gtk+-2.0 gdk-2.0   "
configure:14203: $? = 0
configure:14261: result: yes
configure:14417: creating ./config.status

## ---------------------- ##
## Running config.status. ##
## ---------------------- ##

This file was extended by kolumnz config.status 0.1, which was
generated by GNU Autoconf 2.68.  Invocation command line was

  CONFIG_FILES    = 
  CONFIG_HEADERS  = 
  CONFIG_LINKS    = 
  CONFIG_COMMANDS = 
  $ ./config.status 

on williambell

config.status:1179: creating Makefile
config.status:1179: creating src/Makefile
config.status:1179: creating po/Makefile.in
config.status:1179: creating config.h
config.status:1408: executing depfiles commands
config.status:1408: executing default-1 commands
config.status:1408: executing libtool commands
config.status:1408: executing po/stamp-it commands

## ---------------- ##
## Cache variables. ##
## ---------------- ##

ac_cv_build=x86_64-unknown-linux-gnu
ac_cv_c_compiler_gnu=yes
ac_cv_env_CC_set=
ac_cv_env_CC_value=
ac_cv_env_CFLAGS_set=
ac_cv_env_CFLAGS_value=
ac_cv_env_CPPFLAGS_set=
ac_cv_env_CPPFLAGS_value=
ac_cv_env_CPP_set=
ac_cv_env_CPP_value=
ac_cv_env_KOLUMNZ_CFLAGS_set=
ac_cv_env_KOLUMNZ_CFLAGS_value=
ac_cv_env_KOLUMNZ_LIBS_set=
ac_cv_env_KOLUMNZ_LIBS_value=
ac_cv_env_LDFLAGS_set=
ac_cv_env_LDFLAGS_value=
ac_cv_env_LIBS_set=
ac_cv_env_LIBS_value=
ac_cv_env_PKG_CONFIG_LIBDIR_set=
ac_cv_env_PKG_CONFIG_LIBDIR_value=
ac_cv_env_PKG_CONFIG_PATH_set=
ac_cv_env_PKG_CONFIG_PATH_value=
ac_cv_env_PKG_CONFIG_set=
ac_cv_env_PKG_CONFIG_value=
ac_cv_env_build_alias_set=
ac_cv_env_build_alias_value=
ac_cv_env_host_alias_set=
ac_cv_env_host_alias_value=
ac_cv_env_target_alias_set=
ac_cv_env_target_alias_value=
ac_cv_func_bind_textdomain_codeset=yes
ac_cv_func_dcgettext=yes
ac_cv_header_dlfcn_h=yes
ac_cv_header_inttypes_h=yes
ac_cv_header_libintl_h=yes
ac_cv_header_locale_h=yes
ac_cv_header_memory_h=yes
ac_cv_header_stdc=yes
ac_cv_header_stdint_h=yes
ac_cv_header_stdlib_h=yes
ac_cv_header_string_h=yes
ac_cv_header_strings_h=yes
ac_cv_header_sys_stat_h=yes
ac_cv_header_sys_types_h=yes
ac_cv_header_unistd_h=yes
ac_cv_host=x86_64-unknown-linux-gnu
ac_cv_objext=o
ac_cv_path_EGREP='/bin/grep -E'
ac_cv_path_FGREP='/bin/grep -F'
ac_cv_path_GMSGFMT=/usr/bin/msgfmt
ac_cv_path_GREP=/bin/grep
ac_cv_path_INTLTOOL_EXTRACT=/usr/bin/intltool-extract
ac_cv_path_INTLTOOL_MERGE=/usr/bin/intltool-merge
ac_cv_path_INTLTOOL_PERL=/usr/bin/perl
ac_cv_path_INTLTOOL_UPDATE=/usr/bin/intltool-update
ac_cv_path_MSGFMT=/usr/bin/msgfmt
ac_cv_path_MSGMERGE=/usr/bin/msgmerge
ac_cv_path_SED=/bin/sed
ac_cv_path_XGETTEXT=/usr/bin/xgettext
ac_cv_path_ac_pt_PKG_CONFIG=/usr/bin/pkg-config
ac_cv_path_install='/usr/bin/install -c'
ac_cv_path_mkdir=/bin/mkdir
ac_cv_prog_AWK=gawk
ac_cv_prog_CPP='gcc -E'
ac_cv_prog_ac_ct_AR=ar
ac_cv_prog_ac_ct_CC=gcc
ac_cv_prog_ac_ct_MANIFEST_TOOL=mt
ac_cv_prog_ac_ct_OBJDUMP=objdump
ac_cv_prog_ac_ct_RANLIB=ranlib
ac_cv_prog_ac_ct_STRIP=strip
ac_cv_prog_cc_c89=
ac_cv_prog_cc_g=yes
ac_cv_prog_make_make_set=yes
ac_cv_search_strerror='none required'
am_cv_CC_dependencies_compiler_type=gcc3
am_cv_prog_cc_stdc=
am_cv_val_LC_MESSAGES=yes
gt_cv_func_dgettext_libc=yes
gt_cv_func_dgettext_libintl=no
gt_cv_func_ngettext_libc=yes
gt_cv_have_gettext=yes
lt_cv_ar_at_file=@
lt_cv_archive_cmds_need_lc=no
lt_cv_deplibs_check_method=pass_all
lt_cv_file_magic_cmd='$MAGIC_CMD'
lt_cv_file_magic_test_file=
lt_cv_ld_reload_flag=-r
lt_cv_nm_interface='BSD nm'
lt_cv_objdir=.libs
lt_cv_path_LD=/usr/bin/ld
lt_cv_path_NM='/usr/bin/nm -B'
lt_cv_path_mainfest_tool=no
lt_cv_prog_compiler_c_o=yes
lt_cv_prog_compiler_pic='-fPIC -DPIC'
lt_cv_prog_compiler_pic_works=yes
lt_cv_prog_compiler_rtti_exceptions=no
lt_cv_prog_compiler_static_works=yes
lt_cv_prog_gnu_ld=yes
lt_cv_sharedlib_from_linklib_cmd='printf %s\n'
lt_cv_shlibpath_overrides_runpath=no
lt_cv_sys_global_symbol_pipe='sed -n -e '\''s/^.*[	 ]\([ABCDGIRSTW][ABCDGIRSTW]*\)[	 ][	 ]*\([_A-Za-z][_A-Za-z0-9]*\)$/\1 \2 \2/p'\'' | sed '\''/ __gnu_lto/d'\'''
lt_cv_sys_global_symbol_to_c_name_address='sed -n -e '\''s/^: \([^ ]*\)[ ]*$/  {\"\1\", (void *) 0},/p'\'' -e '\''s/^[ABCDGIRSTW]* \([^ ]*\) \([^ ]*\)$/  {"\2", (void *) \&\2},/p'\'''
lt_cv_sys_global_symbol_to_c_name_address_lib_prefix='sed -n -e '\''s/^: \([^ ]*\)[ ]*$/  {\"\1\", (void *) 0},/p'\'' -e '\''s/^[ABCDGIRSTW]* \([^ ]*\) \(lib[^ ]*\)$/  {"\2", (void *) \&\2},/p'\'' -e '\''s/^[ABCDGIRSTW]* \([^ ]*\) \([^ ]*\)$/  {"lib\2", (void *) \&\2},/p'\'''
lt_cv_sys_global_symbol_to_cdecl='sed -n -e '\''s/^T .* \(.*\)$/extern int \1();/p'\'' -e '\''s/^[ABCDGIRSTW]* .* \(.*\)$/extern char \1;/p'\'''
lt_cv_sys_max_cmd_len=1572864
lt_cv_to_host_file_cmd=func_convert_file_noop
lt_cv_to_tool_file_cmd=func_convert_file_noop
pkg_cv_KOLUMNZ_CFLAGS='-pthread -I/usr/include/gtk-2.0 -I/usr/lib/x86_64-linux-gnu/gtk-2.0/include -I/usr/include/atk-1.0 -I/usr/include/cairo -I/usr/include/gdk-pixbuf-2.0 -I/usr/include/pango-1.0 -I/usr/include/gio-unix-2.0/ -I/usr/include/glib-2.0 -I/usr/lib/x86_64-linux-gnu/glib-2.0/include -I/usr/include/pixman-1 -I/usr/include/freetype2 -I/usr/include/libpng12  '
pkg_cv_KOLUMNZ_LIBS='-lgtk-x11-2.0 -latk-1.0 -lgio-2.0 -lpangoft2-1.0 -lfreetype -lfontconfig -lgdk-x11-2.0 -lpangocairo-1.0 -lgdk_pixbuf-2.0 -lpango-1.0 -lcairo -lgobject-2.0 -lglib-2.0  '

## ----------------- ##
## Output variables. ##
## ----------------- ##

ACLOCAL='${SHELL} /home/wil/projects/Kolumnz/gtk/missing --run aclocal-1.11'
ALL_LINGUAS=''
AMDEPBACKSLASH='\'
AMDEP_FALSE='#'
AMDEP_TRUE=''
AMTAR='$${TAR-tar}'
AM_DEFAULT_VERBOSITY='1'
AR='ar'
AUTOCONF='${SHELL} /home/wil/projects/Kolumnz/gtk/missing --run autoconf'
AUTOHEADER='${SHELL} /home/wil/projects/Kolumnz/gtk/missing --run autoheader'
AUTOMAKE='${SHELL} /home/wil/projects/Kolumnz/gtk/missing --run automake-1.11'
AWK='gawk'
CATALOGS=''
CATOBJEXT='.gmo'
CC='gcc'
CCDEPMODE='depmode=gcc3'
CFLAGS='-g -O2'
CPP='gcc -E'
CPPFLAGS=''
CYGPATH_W='echo'
DATADIRNAME='share'
DEFS='-DHAVE_CONFIG_H'
DEPDIR='.deps'
DLLTOOL='false'
DSYMUTIL=''
DUMPBIN=''
ECHO_C=''
ECHO_N='-n'
ECHO_T=''
EGREP='/bin/grep -E'
EXEEXT=''
FGREP='/bin/grep -F'
GETTEXT_PACKAGE='kolumnz'
GMOFILES=''
GMSGFMT='/usr/bin/msgfmt'
GREP='/bin/grep'
INSTALL_DATA='${INSTALL} -m 644'
INSTALL_PROGRAM='${INSTALL}'
INSTALL_SCRIPT='${INSTALL}'
INSTALL_STRIP_PROGRAM='$(install_sh) -c -s'
INSTOBJEXT='.mo'
INTLLIBS=''
INTLTOOL_CAVES_RULE='%.caves:     %.caves.in     $(INTLTOOL_MERGE) $(wildcard $(top_srcdir)/po/*.po) ; $(INTLTOOL_V_MERGE)LC_ALL=C $(INTLTOOL_MERGE) $(INTLTOOL_V_MERGE_OPTIONS) -d -u -c $(top_builddir)/po/.intltool-merge-cache $(top_srcdir)/po $< $@'
INTLTOOL_DESKTOP_RULE='%.desktop:   %.desktop.in   $(INTLTOOL_MERGE) $(wildcard $(top_srcdir)/po/*.po) ; $(INTLTOOL_V_MERGE)LC_ALL=C $(INTLTOOL_MERGE) $(INTLTOOL_V_MERGE_OPTIONS) -d -u -c $(top_builddir)/po/.intltool-merge-cache $(top_srcdir)/po $< $@'
INTLTOOL_DIRECTORY_RULE='%.directory: %.directory.in $(INTLTOOL_MERGE) $(wildcard $(top_srcdir)/po/*.po) ; $(INTLTOOL_V_MERGE)LC_ALL=C $(INTLTOOL_MERGE) $(INTLTOOL_V_MERGE_OPTIONS) -d -u -c $(top_builddir)/po/.intltool-merge-cache $(top_srcdir)/po $< $@'
INTLTOOL_EXTRACT='/usr/bin/intltool-extract'
INTLTOOL_KBD_RULE='%.kbd:       %.kbd.in       $(INTLTOOL_MERGE) $(wildcard $(top_srcdir)/po/*.po) ; $(INTLTOOL_V_MERGE)LC_ALL=C $(INTLTOOL_MERGE) $(INTLTOOL_V_MERGE_OPTIONS) -x -u -m -c $(top_builddir)/po/.intltool-merge-cache $(top_srcdir)/po $< $@'
INTLTOOL_KEYS_RULE='%.keys:      %.keys.in      $(INTLTOOL_MERGE) $(wildcard $(top_srcdir)/po/*.po) ; $(INTLTOOL_V_MERGE)LC_ALL=C $(INTLTOOL_MERGE) $(INTLTOOL_V_MERGE_OPTIONS) -k -u -c $(top_builddir)/po/.intltool-merge-cache $(top_srcdir)/po $< $@'
INTLTOOL_MERGE='/usr/bin/intltool-merge'
INTLTOOL_OAF_RULE='%.oaf:       %.oaf.in       $(INTLTOOL_MERGE) $(wildcard $(top_srcdir)/po/*.po) ; $(INTLTOOL_V_MERGE)LC_ALL=C $(INTLTOOL_MERGE) $(INTLTOOL_V_MERGE_OPTIONS) -o -p $(top_srcdir)/po $< $@'
INTLTOOL_PERL='/usr/bin/perl'
INTLTOOL_POLICY_RULE='%.policy:    %.policy.in    $(INTLTOOL_MERGE) $(wildcard $(top_srcdir)/po/*.po) ; $(INTLTOOL_V_MERGE)LC_ALL=C $(INTLTOOL_MERGE) $(INTLTOOL_V_MERGE_OPTIONS) -x -u -c $(top_builddir)/po/.intltool-merge-cache $(top_srcdir)/po $< $@'
INTLTOOL_PONG_RULE='%.pong:      %.pong.in      $(INTLTOOL_MERGE) $(wildcard $(top_srcdir)/po/*.po) ; $(INTLTOOL_V_MERGE)LC_ALL=C $(INTLTOOL_MERGE) $(INTLTOOL_V_MERGE_OPTIONS) -x -u -c $(top_builddir)/po/.intltool-merge-cache $(top_srcdir)/po $< $@'
INTLTOOL_PROP_RULE='%.prop:      %.prop.in      $(INTLTOOL_MERGE) $(wildcard $(top_srcdir)/po/*.po) ; $(INTLTOOL_V_MERGE)LC_ALL=C $(INTLTOOL_MERGE) $(INTLTOOL_V_MERGE_OPTIONS) -d -u -c $(top_builddir)/po/.intltool-merge-cache $(top_srcdir)/po $< $@'
INTLTOOL_SCHEMAS_RULE='%.schemas:   %.schemas.in   $(INTLTOOL_MERGE) $(wildcard $(top_srcdir)/po/*.po) ; $(INTLTOOL_V_MERGE)LC_ALL=C $(INTLTOOL_MERGE) $(INTLTOOL_V_MERGE_OPTIONS) -s -u -c $(top_builddir)/po/.intltool-merge-cache $(top_srcdir)/po $< $@'
INTLTOOL_SERVER_RULE='%.server:    %.server.in    $(INTLTOOL_MERGE) $(wildcard $(top_srcdir)/po/*.po) ; $(INTLTOOL_V_MERGE)LC_ALL=C $(INTLTOOL_MERGE) $(INTLTOOL_V_MERGE_OPTIONS) -o -u -c $(top_builddir)/po/.intltool-merge-cache $(top_srcdir)/po $< $@'
INTLTOOL_SERVICE_RULE='%.service: %.service.in   $(INTLTOOL_MERGE) $(wildcard $(top_srcdir)/po/*.po) ; $(INTLTOOL_V_MERGE)LC_ALL=C $(INTLTOOL_MERGE) $(INTLTOOL_V_MERGE_OPTIONS) -d -u -c $(top_builddir)/po/.intltool-merge-cache $(top_srcdir)/po $< $@'
INTLTOOL_SHEET_RULE='%.sheet:     %.sheet.in     $(INTLTOOL_MERGE) $(wildcard $(top_srcdir)/po/*.po) ; $(INTLTOOL_V_MERGE)LC_ALL=C $(INTLTOOL_MERGE) $(INTLTOOL_V_MERGE_OPTIONS) -x -u -c $(top_builddir)/po/.intltool-merge-cache $(top_srcdir)/po $< $@'
INTLTOOL_SOUNDLIST_RULE='%.soundlist: %.soundlist.in $(INTLTOOL_MERGE) $(wildcard $(top_srcdir)/po/*.po) ; $(INTLTOOL_V_MERGE)LC_ALL=C $(INTLTOOL_MERGE) $(INTLTOOL_V_MERGE_OPTIONS) -d -u -c $(top_builddir)/po/.intltool-merge-cache $(top_srcdir)/po $< $@'
INTLTOOL_THEME_RULE='%.theme:     %.theme.in     $(INTLTOOL_MERGE) $(wildcard $(top_srcdir)/po/*.po) ; $(INTLTOOL_V_MERGE)LC_ALL=C $(INTLTOOL_MERGE) $(INTLTOOL_V_MERGE_OPTIONS) -d -u -c $(top_builddir)/po/.intltool-merge-cache $(top_srcdir)/po $< $@'
INTLTOOL_UI_RULE='%.ui:        %.ui.in        $(INTLTOOL_MERGE) $(wildcard $(top_srcdir)/po/*.po) ; $(INTLTOOL_V_MERGE)LC_ALL=C $(INTLTOOL_MERGE) $(INTLTOOL_V_MERGE_OPTIONS) -x -u -c $(top_builddir)/po/.intltool-merge-cache $(top_srcdir)/po $< $@'
INTLTOOL_UPDATE='/usr/bin/intltool-update'
INTLTOOL_V_MERGE='$(INTLTOOL__v_MERGE_$(V))'
INTLTOOL_V_MERGE_OPTIONS='$(intltool__v_merge_options_$(V))'
INTLTOOL_XAM_RULE='%.xam:       %.xml.in       $(INTLTOOL_MERGE) $(wildcard $(top_srcdir)/po/*.po) ; $(INTLTOOL_V_MERGE)LC_ALL=C $(INTLTOOL_MERGE) $(INTLTOOL_V_MERGE_OPTIONS) -x -u -c $(top_builddir)/po/.intltool-merge-cache $(top_srcdir)/po $< $@'
INTLTOOL_XML_NOMERGE_RULE='%.xml:       %.xml.in       $(INTLTOOL_MERGE) ; $(INTLTOOL_V_MERGE)LC_ALL=C $(INTLTOOL_MERGE) $(INTLTOOL_V_MERGE_OPTIONS) -x -u --no-translations $< $@'
INTLTOOL_XML_RULE='%.xml:       %.xml.in       $(INTLTOOL_MERGE) $(wildcard $(top_srcdir)/po/*.po) ; $(INTLTOOL_V_MERGE)LC_ALL=C $(INTLTOOL_MERGE) $(INTLTOOL_V_MERGE_OPTIONS) -x -u -c $(top_builddir)/po/.intltool-merge-cache $(top_srcdir)/po $< $@'
INTLTOOL__v_MERGE_0='@echo "  ITMRG " $@;'
INTLTOOL__v_MERGE_='$(INTLTOOL__v_MERGE_$(AM_DEFAULT_VERBOSITY))'
KOLUMNZ_CFLAGS='-pthread -I/usr/include/gtk-2.0 -I/usr/lib/x86_64-linux-gnu/gtk-2.0/include -I/usr/include/atk-1.0 -I/usr/include/cairo -I/usr/include/gdk-pixbuf-2.0 -I/usr/include/pango-1.0 -I/usr/include/gio-unix-2.0/ -I/usr/include/glib-2.0 -I/usr/lib/x86_64-linux-gnu/glib-2.0/include -I/usr/include/pixman-1 -I/usr/include/freetype2 -I/usr/include/libpng12  '
KOLUMNZ_LIBS='-lgtk-x11-2.0 -latk-1.0 -lgio-2.0 -lpangoft2-1.0 -lfreetype -lfontconfig -lgdk-x11-2.0 -lpangocairo-1.0 -lgdk_pixbuf-2.0 -lpango-1.0 -lcairo -lgobject-2.0 -lglib-2.0  '
LD='/usr/bin/ld -m elf_x86_64'
LDFLAGS=''
LIBOBJS=''
LIBS=''
LIBTOOL='$(SHELL) $(top_builddir)/libtool'
LIPO=''
LN_S='ln -s'
LTLIBOBJS=''
MAINT=''
MAINTAINER_MODE_FALSE='#'
MAINTAINER_MODE_TRUE=''
MAKEINFO='${SHELL} /home/wil/projects/Kolumnz/gtk/missing --run makeinfo'
MANIFEST_TOOL=':'
MKDIR_P='/bin/mkdir -p'
MKINSTALLDIRS='./mkinstalldirs'
MSGFMT='/usr/bin/msgfmt'
MSGFMT_OPTS='-c'
MSGMERGE='/usr/bin/msgmerge'
NM='/usr/bin/nm -B'
NMEDIT=''
OBJDUMP='objdump'
OBJEXT='o'
OTOOL64=''
OTOOL=''
PACKAGE='kolumnz'
PACKAGE_BUGREPORT=''
PACKAGE_NAME='kolumnz'
PACKAGE_STRING='kolumnz 0.1'
PACKAGE_TARNAME='kolumnz'
PACKAGE_URL=''
PACKAGE_VERSION='0.1'
PATH_SEPARATOR=':'
PKG_CONFIG='/usr/bin/pkg-config'
PKG_CONFIG_LIBDIR=''
PKG_CONFIG_PATH=''
POFILES=''
POSUB='po'
PO_IN_DATADIR_FALSE=''
PO_IN_DATADIR_TRUE=''
RANLIB='ranlib'
SED='/bin/sed'
SET_MAKE=''
SHELL='/bin/bash'
STRIP='strip'
USE_NLS='yes'
VERSION='0.1'
XGETTEXT='/usr/bin/xgettext'
ac_ct_AR='ar'
ac_ct_CC='gcc'
ac_ct_DUMPBIN=''
am__EXEEXT_FALSE=''
am__EXEEXT_TRUE='#'
am__fastdepCC_FALSE='#'
am__fastdepCC_TRUE=''
am__include='include'
am__isrc=''
am__leading_dot='.'
am__nodep='_no'
am__quote=''
am__tar='$${TAR-tar} chof - "$$tardir"'
am__untar='$${TAR-tar} xf -'
bindir='${exec_prefix}/bin'
build='x86_64-unknown-linux-gnu'
build_alias=''
build_cpu='x86_64'
build_os='linux-gnu'
build_vendor='unknown'
datadir='${datarootdir}'
datarootdir='${prefix}/share'
docdir='${datarootdir}/doc/${PACKAGE_TARNAME}'
dvidir='${docdir}'
exec_prefix='${prefix}'
host='x86_64-unknown-linux-gnu'
host_alias=''
host_cpu='x86_64'
host_os='linux-gnu'
host_vendor='unknown'
htmldir='${docdir}'
includedir='${prefix}/include'
infodir='${datarootdir}/info'
install_sh='${SHELL} /home/wil/projects/Kolumnz/gtk/install-sh'
intltool__v_merge_options_0='-q'
intltool__v_merge_options_='$(intltool__v_merge_options_$(AM_DEFAULT_VERBOSITY))'
libdir='${exec_prefix}/lib'
libexecdir='${exec_prefix}/libexec'
localedir='${datarootdir}/locale'
localstatedir='${prefix}/var'
mandir='${datarootdir}/man'
mkdir_p='/bin/mkdir -p'
oldincludedir='/usr/include'
pdfdir='${docdir}'
prefix='/usr/local'
program_transform_name='s,x,x,'
psdir='${docdir}'
sbindir='${exec_prefix}/sbin'
sharedstatedir='${prefix}/com'
sysconfdir='${prefix}/etc'
target_alias=''

## ----------- ##
## confdefs.h. ##
## ----------- ##

/* confdefs.h */
#define PACKAGE_NAME "kolumnz"
#define PACKAGE_TARNAME "kolumnz"
#define PACKAGE_VERSION "0.1"
#define PACKAGE_STRING "kolumnz 0.1"
#define PACKAGE_BUGREPORT ""
#define PACKAGE_URL ""
#define PACKAGE "kolumnz"
#define VERSION "0.1"
#define STDC_HEADERS 1
#define GETTEXT_PACKAGE "kolumnz"
#define HAVE_SYS_TYPES_H 1
#define HAVE_SYS_STAT_H 1
#define HAVE_STDLIB_H 1
#define HAVE_STRING_H 1
#define HAVE_MEMORY_H 1
#define HAVE_STRINGS_H 1
#define HAVE_INTTYPES_H 1
#define HAVE_STDINT_H 1
#define HAVE_UNISTD_H 1
#define HAVE_LOCALE_H 1
#define HAVE_LC_MESSAGES 1
#define HAVE_BIND_TEXTDOMAIN_CODESET 1
#define HAVE_GETTEXT 1
#define HAVE_DCGETTEXT 1
#define ENABLE_NLS 1
#define HAVE_DLFCN_H 1
#define LT_OBJDIR ".libs/"

configure: exit 0
